<?xml version="1.0" encoding="UTF-8"?>
<testsuite name="Tests for Triangle" tests="4" skipped="0" failures="0" errors="0" timestamp="2021-03-17T12:13:49" hostname="LAPTOP-R2JI2FRN" time="0.018">
  <properties/>
  <testcase name="testShowFigures()" classname="com.kodilla.testing.shape.ShapeCollectorTestSuite$TestTraingle" time="0.015"/>
  <testcase name="testRemoveFigure()" classname="com.kodilla.testing.shape.ShapeCollectorTestSuite$TestTraingle" time="0.0"/>
  <testcase name="testAddFigure()" classname="com.kodilla.testing.shape.ShapeCollectorTestSuite$TestTraingle" time="0.0"/>
  <testcase name="testGetFigure()" classname="com.kodilla.testing.shape.ShapeCollectorTestSuite$TestTraingle" time="0.0"/>
  <system-out><![CDATA[]]></system-out>
  <system-err><![CDATA[]]></system-err>
</testsuite>
