<?xml version="1.0" encoding="UTF-8"?>
<testsuite name="com.kodilla.testing.collection.CollectionTestSuite" tests="2" skipped="0" failures="0" errors="0" timestamp="2021-03-17T12:13:49" hostname="LAPTOP-R2JI2FRN" time="0.03">
  <properties/>
  <testcase name="when create OddNumbersExterminator with empty listthen exterminate() should return empty list" classname="com.kodilla.testing.collection.CollectionTestSuite" time="0.027"/>
  <testcase name="when create OddNumbersExterminator with normal listthen exterminate() should return list with even numbers" classname="com.kodilla.testing.collection.CollectionTestSuite" time="0.002"/>
  <system-out><![CDATA[Test Case : begin
Test Case : end
Test Case : begin
Test Case : end
]]></system-out>
  <system-err><![CDATA[]]></system-err>
</testsuite>
