<?xml version="1.0" encoding="UTF-8"?>
<testsuite name="com.kodilla.testing.forum.statistics.ForumStatisticsTestSuite$TestingUsers" tests="2" skipped="0" failures="0" errors="0" timestamp="2021-03-17T12:13:49" hostname="LAPTOP-R2JI2FRN" time="0.005">
  <properties/>
  <testcase name="when 100 zero users then calculateAdvStatistics() should write 100 in usersTotal" classname="com.kodilla.testing.forum.statistics.ForumStatisticsTestSuite$TestingUsers" time="0.002"/>
  <testcase name="when zero users then calculateAdvStatistics() should write 0  in usersTotal" classname="com.kodilla.testing.forum.statistics.ForumStatisticsTestSuite$TestingUsers" time="0.002"/>
  <system-out><![CDATA[]]></system-out>
  <system-err><![CDATA[]]></system-err>
</testsuite>
