<?xml version="1.0" encoding="UTF-8"?>
<testsuite name="com.kodilla.testing.weather.mock.WeatherForecastTestSuite" tests="3" skipped="0" failures="0" errors="0" timestamp="2021-05-10T16:33:18" hostname="LAPTOP-R2JI2FRN" time="0.016">
  <properties/>
  <testcase name="testMedianTemp()" classname="com.kodilla.testing.weather.mock.WeatherForecastTestSuite" time="0.013"/>
  <testcase name="testAverageTemp()" classname="com.kodilla.testing.weather.mock.WeatherForecastTestSuite" time="0.001"/>
  <testcase name="testCalculateForecastWithMock()" classname="com.kodilla.testing.weather.mock.WeatherForecastTestSuite" time="0.001"/>
  <system-out><![CDATA[]]></system-out>
  <system-err><![CDATA[]]></system-err>
</testsuite>
